[     575ms] [ERROR] Failed to load resource: net::ERR_NAME_NOT_RESOLVED @ https://cdn.cookielaw.org/scripttemplates/otSDKStub.js:0
[     618ms] false
[    1210ms] [ERROR] TypeError: Cannot read properties of undefined (reading 'prototype')
    at n (https://www.ikea.com/nl/nl/javascripts/main.e961d2a2ed47d4fdcbf5.js:1:190)
    at https://www.ikea.com/nl/nl/javascripts/main.e961d2a2ed47d4fdcbf5.js:1:45409 @ https://www.ikea.com/nl/nl/javascripts/main.e961d2a2ed47d4fdcbf5.js:0
[    2593ms] [WARNING] <gmp-pin>: The `glyph` property is deprecated. Please use `glyphSrc` or `glyphText` instead. @ https://maps.googleapis.com/maps-api-v3/api/js/64/12d/intl/nl_ALL/common.js:199
[    2595ms] [WARNING] <gmp-pin>: The `element` property is deprecated. Please use the PinElement directly. @ https://maps.googleapis.com/maps-api-v3/api/js/64/12d/intl/nl_ALL/main.js:194
[    2602ms] [WARNING] <gmp-advanced-marker>: Please use addEventListener('gmp-click', ...) instead of addEventListener('click', ...). @ https://maps.googleapis.com/maps-api-v3/api/js/64/12d/intl/nl_ALL/main.js:194
[    2602ms] [WARNING] <gmp-pin>: The `glyph` property is deprecated. Please use `glyphSrc` or `glyphText` instead. @ https://maps.googleapis.com/maps-api-v3/api/js/64/12d/intl/nl_ALL/common.js:199
[    2604ms] [WARNING] <gmp-pin>: The `glyph` property is deprecated. Please use `glyphSrc` or `glyphText` instead. @ https://maps.googleapis.com/maps-api-v3/api/js/64/12d/intl/nl_ALL/common.js:199
[    2607ms] [WARNING] <gmp-pin>: The `glyph` property is deprecated. Please use `glyphSrc` or `glyphText` instead. @ https://maps.googleapis.com/maps-api-v3/api/js/64/12d/intl/nl_ALL/common.js:199
[    2610ms] [WARNING] <gmp-pin>: The `glyph` property is deprecated. Please use `glyphSrc` or `glyphText` instead. @ https://maps.googleapis.com/maps-api-v3/api/js/64/12d/intl/nl_ALL/common.js:199
[    2614ms] [WARNING] <gmp-pin>: The `glyph` property is deprecated. Please use `glyphSrc` or `glyphText` instead. @ https://maps.googleapis.com/maps-api-v3/api/js/64/12d/intl/nl_ALL/common.js:199
[    2616ms] [WARNING] <gmp-pin>: The `glyph` property is deprecated. Please use `glyphSrc` or `glyphText` instead. @ https://maps.googleapis.com/maps-api-v3/api/js/64/12d/intl/nl_ALL/common.js:199
[    2618ms] [WARNING] <gmp-pin>: The `glyph` property is deprecated. Please use `glyphSrc` or `glyphText` instead. @ https://maps.googleapis.com/maps-api-v3/api/js/64/12d/intl/nl_ALL/common.js:199
[    2620ms] [WARNING] <gmp-pin>: The `glyph` property is deprecated. Please use `glyphSrc` or `glyphText` instead. @ https://maps.googleapis.com/maps-api-v3/api/js/64/12d/intl/nl_ALL/common.js:199
[    2622ms] [WARNING] <gmp-pin>: The `glyph` property is deprecated. Please use `glyphSrc` or `glyphText` instead. @ https://maps.googleapis.com/maps-api-v3/api/js/64/12d/intl/nl_ALL/common.js:199
[    2624ms] [WARNING] <gmp-pin>: The `glyph` property is deprecated. Please use `glyphSrc` or `glyphText` instead. @ https://maps.googleapis.com/maps-api-v3/api/js/64/12d/intl/nl_ALL/common.js:199
[    2626ms] [WARNING] <gmp-pin>: The `glyph` property is deprecated. Please use `glyphSrc` or `glyphText` instead. @ https://maps.googleapis.com/maps-api-v3/api/js/64/12d/intl/nl_ALL/common.js:199
[    2627ms] [WARNING] <gmp-pin>: The `glyph` property is deprecated. Please use `glyphSrc` or `glyphText` instead. @ https://maps.googleapis.com/maps-api-v3/api/js/64/12d/intl/nl_ALL/common.js:199
[    2629ms] [WARNING] <gmp-pin>: The `glyph` property is deprecated. Please use `glyphSrc` or `glyphText` instead. @ https://maps.googleapis.com/maps-api-v3/api/js/64/12d/intl/nl_ALL/common.js:199
[   20508ms] [ERROR] Access to fetch at 'https://api.ingka.ikea.com/sv/stores/nl' from origin 'https://www.ikea.com' has been blocked by CORS policy: Response to preflight request doesn't pass access control check: No 'Access-Control-Allow-Origin' header is present on the requested resource. @ https://www.ikea.com/nl/nl/stores/:0
[   20508ms] [ERROR] Failed to load resource: net::ERR_FAILED @ https://api.ingka.ikea.com/sv/stores/nl:0
